<?xml version="1.0" encoding="UTF-8"?>
<testsuite xmlns:xsi="http://www.w3.org/2001/XMLSchema-instance" xsi:noNamespaceSchemaLocation="https://maven.apache.org/surefire/maven-surefire-plugin/xsd/surefire-test-report.xsd" name="cucumber.Options.Test_Runner" time="40.037" tests="8" errors="0" skipped="0" failures="0">
  <properties>
[...]
</properties>
  <testcase name="Verify if Place is being successfully added using Add Place API #1" classname="Validating Place APIs" time="8.816"/>
  <testcase name="Verify if Place is being successfully added using Add Place API #2" classname="Validating Place APIs" time="4.442"/>
  <testcase name="Verify if Place is being successfully added using Add Place API #3" classname="Validating Place APIs" time="4.518"/>
  <testcase name="Verify if Place is being successfully added using Add Place API #4" classname="Validating Place APIs" time="4.446"/>
  <testcase name="Verify if Place is being successfully added using Add Place API #5" classname="Validating Place APIs" time="4.323"/>
  <testcase name="Verify if Place is being successfully added using Add Place API #6" classname="Validating Place APIs" time="4.339"/>
  <testcase name="Verify if Place is being successfully added using Add Place API #7" classname="Validating Place APIs" time="4.591"/>
  <testcase name="Verify if Delete Place functionality is working" classname="Validating Place APIs" time="3.82"/>
</testsuite>